<?xml version="1.0" encoding="UTF-8"?>
<!-- Generated by org.testng.reporters.JUnitReportReporter -->
<testsuite hostname="DESKTOP-3FNGNVP" failures="0" tests="1" name="Testcase.Login_Home_testcase" time="52.251" errors="0" timestamp="2023-03-14T18:11:38 IST" skipped="0">
  <testcase classname="Testcase.Login_Home_testcase" name="Login_Home" time="52.251"/>
  <system-out/>
</testsuite> <!-- Testcase.Login_Home_testcase -->
