<?xml version="1.0" encoding="UTF-8"?>
<!-- Generated by org.testng.reporters.JUnitReportReporter -->
<testsuite hostname="DESKTOP-3FNGNVP" failures="0" tests="1" name="screenShot.screen_shot" time="4.207" errors="0" timestamp="2023-03-14T18:03:05 IST" skipped="0">
  <testcase classname="screenShot.screen_shot" name="screen_shots" time="4.207"/>
  <system-out/>
</testsuite> <!-- screenShot.screen_shot -->
